<?xml version="1.0" encoding="UTF-8" standalone="yes"?>
<!DOCTYPE report PUBLIC "-//JACOCO//DTD Report 1.0//EN" "report.dtd">
<!-- Note: this file has unused nodes/attributes removed for simplicity -->
<report name="test-report">
    <sessioninfo id="test-session" start="1559532908998" dump="1559532910387"/>
    <package name="coverstats/server/models/scm">
        <sourcefile name="Models.kt">
            <line nr="7" mi="12" ci="0" mb="0" cb="0"/>
            <line nr="8" mi="3" ci="0" mb="0" cb="0"/>
            <line nr="9" mi="3" ci="0" mb="0" cb="0"/>
            <line nr="10" mi="3" ci="0" mb="0" cb="0"/>
        </sourcefile>
    </package>
    <package name="coverstats/server/models/session">
        <sourcefile name="UserSession.kt">
            <line nr="5" mi="18" ci="0" mb="0" cb="0"/>
            <line nr="6" mi="3" ci="0" mb="0" cb="0"/>
            <line nr="7" mi="3" ci="0" mb="0" cb="0"/>
            <line nr="8" mi="3" ci="0" mb="0" cb="0"/>
            <line nr="9" mi="3" ci="0" mb="0" cb="0"/>
            <line nr="10" mi="3" ci="0" mb="0" cb="0"/>
        </sourcefile>
    </package>
    <package name="coverstats/server">
        <sourcefile name="Main.kt">
            <line nr="40" mi="2" ci="0" mb="0" cb="0"/>
            <line nr="41" mi="1" ci="0" mb="0" cb="0"/>
            <line nr="43" mi="6" ci="0" mb="0" cb="0"/>
            <line nr="44" mi="6" ci="0" mb="0" cb="0"/>
            <line nr="45" mi="8" ci="0" mb="0" cb="0"/>
            <line nr="46" mi="4" ci="0" mb="0" cb="0"/>
            <line nr="47" mi="1" ci="0" mb="0" cb="0"/>
            <line nr="48" mi="1" ci="0" mb="0" cb="0"/>
            <line nr="49" mi="1" ci="0" mb="0" cb="0"/>
            <line nr="51" mi="7" ci="0" mb="0" cb="0"/>
            <line nr="53" mi="12" ci="0" mb="0" cb="0"/>
            <line nr="54" mi="4" ci="0" mb="0" cb="0"/>
            <line nr="55" mi="11" ci="0" mb="0" cb="0"/>
            <line nr="56" mi="4" ci="0" mb="0" cb="0"/>
            <line nr="57" mi="4" ci="0" mb="2" cb="0"/>
            <line nr="58" mi="6" ci="0" mb="0" cb="0"/>
            <line nr="59" mi="4" ci="0" mb="0" cb="0"/>
            <line nr="60" mi="6" ci="0" mb="0" cb="0"/>
            <line nr="61" mi="6" ci="0" mb="0" cb="0"/>
            <line nr="62" mi="6" ci="0" mb="0" cb="0"/>
            <line nr="63" mi="6" ci="0" mb="0" cb="0"/>
            <line nr="64" mi="1" ci="0" mb="0" cb="0"/>
            <line nr="67" mi="13" ci="0" mb="0" cb="0"/>
            <line nr="68" mi="6" ci="0" mb="0" cb="0"/>
            <line nr="69" mi="2" ci="0" mb="0" cb="0"/>
            <line nr="71" mi="7" ci="0" mb="0" cb="0"/>
            <line nr="73" mi="7" ci="0" mb="0" cb="0"/>
            <line nr="74" mi="8" ci="0" mb="0" cb="0"/>
            <line nr="77" mi="9" ci="0" mb="0" cb="0"/>
            <line nr="78" mi="9" ci="0" mb="0" cb="0"/>
            <line nr="79" mi="8" ci="0" mb="0" cb="0"/>
            <line nr="80" mi="3" ci="0" mb="0" cb="0"/>
            <line nr="81" mi="10" ci="0" mb="0" cb="0"/>
            <line nr="82" mi="14" ci="0" mb="0" cb="0"/>
            <line nr="83" mi="1" ci="0" mb="0" cb="0"/>
            <line nr="84" mi="8" ci="0" mb="0" cb="0"/>
            <line nr="85" mi="35" ci="0" mb="3" cb="0"/>
            <line nr="86" mi="11" ci="0" mb="0" cb="0"/>
            <line nr="87" mi="7" ci="0" mb="0" cb="0"/>
            <line nr="88" mi="1" ci="0" mb="0" cb="0"/>
            <line nr="89" mi="8" ci="0" mb="0" cb="0"/>
            <line nr="90" mi="10" ci="0" mb="0" cb="0"/>
            <line nr="91" mi="1" ci="0" mb="0" cb="0"/>
            <line nr="92" mi="8" ci="0" mb="0" cb="0"/>
            <line nr="94" mi="11" ci="0" mb="0" cb="0"/>
            <line nr="95" mi="4" ci="0" mb="0" cb="0"/>
            <line nr="96" mi="1" ci="0" mb="0" cb="0"/>
            <line nr="97" mi="1" ci="0" mb="0" cb="0"/>
            <line nr="98" mi="8" ci="0" mb="0" cb="0"/>
            <line nr="99" mi="7" ci="0" mb="0" cb="0"/>
            <line nr="100" mi="30" ci="0" mb="4" cb="0"/>
            <line nr="101" mi="3" ci="0" mb="0" cb="0"/>
            <line nr="102" mi="8" ci="0" mb="0" cb="0"/>
            <line nr="103" mi="4" ci="0" mb="0" cb="0"/>
            <line nr="104" mi="6" ci="0" mb="0" cb="0"/>
            <line nr="105" mi="14" ci="0" mb="4" cb="0"/>
            <line nr="107" mi="1" ci="0" mb="0" cb="0"/>
            <line nr="108" mi="1" ci="0" mb="0" cb="0"/>
            <line nr="110" mi="5" ci="0" mb="0" cb="0"/>
            <line nr="111" mi="48" ci="0" mb="4" cb="0"/>
            <line nr="112" mi="7" ci="0" mb="0" cb="0"/>
            <line nr="113" mi="2" ci="0" mb="2" cb="0"/>
            <line nr="114" mi="27" ci="0" mb="2" cb="0"/>
            <line nr="116" mi="20" ci="0" mb="0" cb="0"/>
            <line nr="118" mi="7" ci="0" mb="0" cb="0"/>
            <line nr="120" mi="10" ci="0" mb="0" cb="0"/>
            <line nr="121" mi="38" ci="0" mb="3" cb="0"/>
            <line nr="122" mi="7" ci="0" mb="0" cb="0"/>
            <line nr="123" mi="21" ci="0" mb="0" cb="0"/>
            <line nr="124" mi="7" ci="0" mb="0" cb="0"/>
            <line nr="126" mi="6" ci="0" mb="0" cb="0"/>
            <line nr="127" mi="46" ci="0" mb="3" cb="0"/>
            <line nr="128" mi="7" ci="0" mb="0" cb="0"/>
            <line nr="129" mi="29" ci="0" mb="4" cb="0"/>
            <line nr="131" mi="7" ci="0" mb="0" cb="0"/>
            <line nr="132" mi="31" ci="0" mb="2" cb="0"/>
            <line nr="135" mi="13" ci="0" mb="2" cb="0"/>
            <line nr="136" mi="11" ci="0" mb="0" cb="0"/>
            <line nr="137" mi="4" ci="0" mb="0" cb="0"/>
            <line nr="139" mi="7" ci="0" mb="0" cb="0"/>
            <line nr="141" mi="144" ci="0" mb="6" cb="0"/>
            <line nr="142" mi="7" ci="0" mb="0" cb="0"/>
            <line nr="143" mi="8" ci="0" mb="0" cb="0"/>
            <line nr="144" mi="8" ci="0" mb="0" cb="0"/>
            <line nr="145" mi="6" ci="0" mb="0" cb="0"/>
            <line nr="147" mi="27" ci="0" mb="2" cb="0"/>
            <line nr="148" mi="2" ci="0" mb="2" cb="0"/>
            <line nr="149" mi="8" ci="0" mb="0" cb="0"/>
            <line nr="150" mi="28" ci="0" mb="2" cb="0"/>
            <line nr="153" mi="31" ci="0" mb="2" cb="0"/>
            <line nr="154" mi="6" ci="0" mb="0" cb="0"/>
            <line nr="155" mi="6" ci="0" mb="0" cb="0"/>
            <line nr="156" mi="1" ci="0" mb="0" cb="0"/>
            <line nr="157" mi="8" ci="0" mb="0" cb="0"/>
            <line nr="158" mi="6" ci="0" mb="0" cb="0"/>
            <line nr="159" mi="12" ci="0" mb="2" cb="0"/>
            <line nr="160" mi="5" ci="0" mb="0" cb="0"/>
            <line nr="164" mi="7" ci="0" mb="0" cb="0"/>
            <line nr="165" mi="1" ci="0" mb="0" cb="0"/>
            <line nr="167" mi="95" ci="0" mb="6" cb="0"/>
            <line nr="168" mi="7" ci="0" mb="0" cb="0"/>
            <line nr="169" mi="16" ci="0" mb="0" cb="0"/>
            <line nr="170" mi="4" ci="0" mb="4" cb="0"/>
            <line nr="171" mi="21" ci="0" mb="2" cb="0"/>
            <line nr="172" mi="6" ci="0" mb="0" cb="0"/>
            <line nr="174" mi="7" ci="0" mb="0" cb="0"/>
            <line nr="177" mi="9" ci="0" mb="4" cb="0"/>
            <line nr="179" mi="28" ci="0" mb="2" cb="0"/>
            <line nr="181" mi="38" ci="0" mb="2" cb="0"/>
            <line nr="182" mi="2" ci="0" mb="0" cb="0"/>
            <line nr="184" mi="24" ci="0" mb="2" cb="0"/>
            <line nr="185" mi="1" ci="0" mb="0" cb="0"/>
            <line nr="186" mi="7" ci="0" mb="0" cb="0"/>
            <line nr="187" mi="1" ci="0" mb="0" cb="0"/>
            <line nr="188" mi="1" ci="0" mb="0" cb="0"/>
            <line nr="189" mi="1" ci="0" mb="0" cb="0"/>
            <line nr="192" mi="39" ci="0" mb="2" cb="0"/>
            <line nr="193" mi="48" ci="0" mb="4" cb="0"/>
            <line nr="194" mi="5" ci="0" mb="0" cb="0"/>
            <line nr="195" mi="20" ci="0" mb="0" cb="0"/>
            <line nr="197" mi="59" ci="0" mb="0" cb="0"/>
            <line nr="198" mi="94" ci="0" mb="12" cb="0"/>
            <line nr="199" mi="38" ci="0" mb="0" cb="0"/>
            <line nr="200" mi="55" ci="0" mb="2" cb="0"/>
            <line nr="201" mi="48" ci="0" mb="2" cb="0"/>
            <line nr="202" mi="49" ci="0" mb="2" cb="0"/>
            <line nr="203" mi="13" ci="0" mb="0" cb="0"/>
            <line nr="204" mi="7" ci="0" mb="0" cb="0"/>
            <line nr="205" mi="31" ci="0" mb="2" cb="0"/>
            <line nr="206" mi="1" ci="0" mb="0" cb="0"/>
        </sourcefile>
    </package>
    <package name="coverstats/server/scm">
        <sourcefile name="TypeInfoJvm.kt">
            <line nr="15" mi="12" ci="0" mb="0" cb="0"/>
        </sourcefile>
        <sourcefile name="GitHubProvider.kt">
            <line nr="15" mi="20" ci="0" mb="0" cb="0"/>
            <line nr="16" mi="3" ci="0" mb="0" cb="0"/>
            <line nr="17" mi="3" ci="0" mb="0" cb="0"/>
            <line nr="18" mi="3" ci="0" mb="0" cb="0"/>
            <line nr="19" mi="3" ci="0" mb="0" cb="0"/>
            <line nr="20" mi="3" ci="0" mb="0" cb="0"/>
            <line nr="21" mi="3" ci="0" mb="0" cb="0"/>
            <line nr="24" mi="10" ci="0" mb="0" cb="0"/>
            <line nr="25" mi="2" ci="0" mb="0" cb="0"/>
            <line nr="26" mi="9" ci="0" mb="0" cb="0"/>
            <line nr="27" mi="10" ci="0" mb="0" cb="0"/>
            <line nr="28" mi="2" ci="0" mb="0" cb="0"/>
            <line nr="29" mi="8" ci="0" mb="0" cb="0"/>
            <line nr="32" mi="249" ci="0" mb="6" cb="0"/>
            <line nr="33" mi="3" ci="0" mb="0" cb="0"/>
            <line nr="36" mi="131" ci="0" mb="4" cb="0"/>
            <line nr="37" mi="19" ci="0" mb="0" cb="0"/>
            <line nr="38" mi="12" ci="0" mb="0" cb="0"/>
            <line nr="39" mi="4" ci="0" mb="0" cb="0"/>
            <line nr="40" mi="7" ci="0" mb="0" cb="0"/>
            <line nr="44" mi="1" ci="0" mb="0" cb="0"/>
            <line nr="45" mi="15" ci="0" mb="0" cb="0"/>
            <line nr="46" mi="11" ci="0" mb="0" cb="0"/>
            <line nr="47" mi="4" ci="0" mb="0" cb="0"/>
            <line nr="48" mi="1" ci="0" mb="0" cb="0"/>
            <line nr="50" mi="7" ci="0" mb="0" cb="0"/>
            <line nr="51" mi="138" ci="0" mb="4" cb="0"/>
            <line nr="52" mi="25" ci="0" mb="0" cb="0"/>
            <line nr="53" mi="12" ci="0" mb="0" cb="0"/>
            <line nr="54" mi="4" ci="0" mb="0" cb="0"/>
            <line nr="55" mi="7" ci="0" mb="0" cb="0"/>
            <line nr="56" mi="5" ci="0" mb="0" cb="0"/>
            <line nr="59" mi="4" ci="0" mb="0" cb="0"/>
            <line nr="60" mi="50" ci="0" mb="2" cb="0"/>
            <line nr="61" mi="13" ci="0" mb="0" cb="0"/>
            <line nr="62" mi="1" ci="0" mb="0" cb="0"/>
            <line nr="64" mi="33" ci="0" mb="2" cb="0"/>
            <line nr="66" mi="18" ci="0" mb="0" cb="0"/>
            <line nr="69" mi="134" ci="0" mb="4" cb="0"/>
            <line nr="70" mi="20" ci="0" mb="0" cb="0"/>
            <line nr="71" mi="11" ci="0" mb="0" cb="0"/>
            <line nr="72" mi="1" ci="0" mb="0" cb="0"/>
            <line nr="74" mi="22" ci="0" mb="0" cb="0"/>
            <line nr="80" mi="5" ci="0" mb="2" cb="0"/>
            <line nr="81" mi="5" ci="0" mb="2" cb="0"/>
            <line nr="82" mi="2" ci="0" mb="0" cb="0"/>
            <line nr="84" mi="6" ci="0" mb="0" cb="0"/>
            <line nr="85" mi="18" ci="0" mb="0" cb="0"/>
            <line nr="86" mi="6" ci="0" mb="0" cb="0"/>
            <line nr="87" mi="12" ci="0" mb="0" cb="0"/>
            <line nr="89" mi="12" ci="0" mb="0" cb="0"/>
            <line nr="90" mi="51" ci="0" mb="0" cb="0"/>
            <line nr="91" mi="27" ci="0" mb="0" cb="0"/>
            <line nr="92" mi="12" ci="0" mb="0" cb="0"/>
            <line nr="93" mi="9" ci="0" mb="0" cb="0"/>
            <line nr="94" mi="30" ci="0" mb="0" cb="0"/>
            <line nr="95" mi="15" ci="0" mb="0" cb="0"/>
            <line nr="96" mi="12" ci="0" mb="0" cb="0"/>
            <line nr="97" mi="6" ci="0" mb="0" cb="0"/>
            <line nr="98" mi="9" ci="0" mb="0" cb="0"/>
            <line nr="99" mi="177" ci="0" mb="12" cb="0"/>
            <line nr="100" mi="24" ci="0" mb="6" cb="0"/>
            <line nr="101" mi="12" ci="0" mb="0" cb="0"/>
            <line nr="102" mi="21" ci="0" mb="6" cb="0"/>
            <line nr="104" mi="57" ci="0" mb="12" cb="0"/>
            <line nr="105" mi="162" ci="0" mb="0" cb="0"/>
            <line nr="106" mi="12" ci="0" mb="0" cb="0"/>
            <line nr="107" mi="10" ci="0" mb="2" cb="0"/>
            <line nr="108" mi="7" ci="0" mb="0" cb="0"/>
            <line nr="109" mi="2" ci="0" mb="0" cb="0"/>
            <line nr="110" mi="9" ci="0" mb="0" cb="0"/>
            <line nr="117" mi="10" ci="0" mb="2" cb="0"/>
            <line nr="118" mi="5" ci="0" mb="0" cb="0"/>
            <line nr="119" mi="4" ci="0" mb="0" cb="0"/>
            <line nr="121" mi="4" ci="0" mb="0" cb="0"/>
            <line nr="122" mi="12" ci="0" mb="0" cb="0"/>
            <line nr="123" mi="10" ci="0" mb="2" cb="0"/>
            <line nr="124" mi="7" ci="0" mb="0" cb="0"/>
            <line nr="125" mi="3" ci="0" mb="0" cb="0"/>
            <line nr="126" mi="2" ci="0" mb="0" cb="0"/>
            <line nr="127" mi="6" ci="0" mb="0" cb="0"/>
            <line nr="128" mi="2" ci="0" mb="0" cb="0"/>
            <line nr="129" mi="4" ci="0" mb="0" cb="0"/>
            <line nr="131" mi="4" ci="0" mb="0" cb="0"/>
            <line nr="132" mi="17" ci="0" mb="0" cb="0"/>
            <line nr="133" mi="9" ci="0" mb="0" cb="0"/>
            <line nr="134" mi="4" ci="0" mb="0" cb="0"/>
            <line nr="135" mi="3" ci="0" mb="0" cb="0"/>
            <line nr="136" mi="10" ci="0" mb="0" cb="0"/>
            <line nr="137" mi="5" ci="0" mb="0" cb="0"/>
            <line nr="138" mi="4" ci="0" mb="0" cb="0"/>
            <line nr="139" mi="2" ci="0" mb="0" cb="0"/>
            <line nr="140" mi="3" ci="0" mb="0" cb="0"/>
            <line nr="141" mi="61" ci="0" mb="4" cb="0"/>
            <line nr="142" mi="8" ci="0" mb="2" cb="0"/>
            <line nr="143" mi="4" ci="0" mb="0" cb="0"/>
            <line nr="144" mi="7" ci="0" mb="2" cb="0"/>
            <line nr="146" mi="19" ci="0" mb="4" cb="0"/>
            <line nr="147" mi="58" ci="0" mb="0" cb="0"/>
            <line nr="148" mi="12" ci="0" mb="0" cb="0"/>
            <line nr="149" mi="10" ci="0" mb="2" cb="0"/>
            <line nr="150" mi="7" ci="0" mb="0" cb="0"/>
            <line nr="151" mi="8" ci="0" mb="0" cb="0"/>
        </sourcefile>
    </package>
    <package name="coverstats/server/models/datastore">
        <sourcefile name="Models.kt">
            <line nr="3" mi="12" ci="0" mb="0" cb="0"/>
            <line nr="4" mi="3" ci="0" mb="0" cb="0"/>
            <line nr="5" mi="3" ci="0" mb="0" cb="0"/>
            <line nr="6" mi="3" ci="0" mb="0" cb="0"/>
        </sourcefile>
    </package>
    <package name="coverstats/server/utils">
        <sourcefile name="RandomUtils.kt">
            <line nr="6" mi="1" ci="4" mb="0" cb="0"/>
            <line nr="7" mi="0" ci="4" mb="0" cb="0"/>
            <line nr="10" mi="0" ci="3" mb="0" cb="0"/>
            <line nr="11" mi="0" ci="3" mb="0" cb="0"/>
            <line nr="12" mi="0" ci="7" mb="0" cb="0"/>
        </sourcefile>
    </package>
    <package name="">
        <sourcefile name="build.gradle.kts">
            <line nr="12" mi="0" ci="7" mb="0" cb="0"/>
        </sourcefile>
    </package>
</report>